[23Nov2024 00:01:33.732] [Server thread/INFO] [net.minecraft.server.MinecraftServer/]: BR074L was slain by YNGX_
[23Nov2024 00:07:32.423] [Server thread/INFO] [net.minecraft.server.MinecraftServer/]: [BR074L: Teleported BR074L to 666.500000, 69.500000, -332.500000]
[23Nov2024 00:08:01.916] [Server thread/INFO] [net.minecraft.server.network.ServerGamePacketListenerImpl/]: BR074L lost connection: Disconnected
[23Nov2024 00:08:01.917] [Server thread/INFO] [net.minecraft.server.MinecraftServer/]: BR074L left the game
[23Nov2024 00:08:11.536] [Server thread/INFO] [net.minecraft.server.players.PlayerList/]: BR074L[/127.98.144.130:53791] logged in with entity id 13181 at (672.6669979769181, 69.0, -338.6050843395515)
[23Nov2024 00:08:11.557] [Server thread/INFO] [net.minecraft.server.MinecraftServer/]: BR074L joined the game
[23Nov2024 00:10:39.785] [Server thread/INFO] [net.minecraft.server.network.ServerGamePacketListenerImpl/]: BR074L lost connection: Disconnected
[23Nov2024 00:10:39.787] [Server thread/INFO] [net.minecraft.server.MinecraftServer/]: BR074L left the game
[23Nov2024 00:13:33.103] [Server thread/INFO] [net.minecraft.server.players.PlayerList/]: BR074L[/127.98.144.130:43857] logged in with entity id 14628 at (706.7675489447356, 77.0, -439.7477904939146)
[23Nov2024 00:13:33.137] [Server thread/INFO] [net.minecraft.server.MinecraftServer/]: BR074L joined the game
[23Nov2024 00:22:41.618] [Server thread/INFO] [net.minecraft.server.MinecraftServer/]: YNGX_ was doomed to fall by Shulker
[23Nov2024 00:24:47.265] [Server thread/INFO] [net.minecraft.server.MinecraftServer/]: YNGX_ tried to swim in lava
[23Nov2024 00:26:50.076] [Server thread/INFO] [net.minecraft.server.MinecraftServer/]: YNGX_ fell from a high place
[23Nov2024 00:26:53.865] [Server thread/INFO] [net.minecraft.server.network.ServerGamePacketListenerImpl/]: YNGX_ lost connection: Disconnected
[23Nov2024 00:26:53.866] [Server thread/INFO] [net.minecraft.server.MinecraftServer/]: YNGX_ left the game
[23Nov2024 00:27:41.442] [Server thread/INFO] [net.minecraft.server.MinecraftServer/]: [BR074L: Teleported BR074L to 978.500000, -34.500000, -1141.500000]
[23Nov2024 00:27:48.313] [Server thread/INFO] [net.minecraft.server.network.ServerGamePacketListenerImpl/]: BR074L lost connection: Disconnected
[23Nov2024 00:27:48.313] [Server thread/INFO] [net.minecraft.server.MinecraftServer/]: BR074L left the game
[23Nov2024 00:31:59.624] [Server thread/INFO] [net.minecraft.server.players.PlayerList/]: BR074L[/127.98.144.130:42251] logged in with entity id 19751 at (100.5, 49.0, 0.5)
[23Nov2024 00:31:59.643] [Server thread/INFO] [net.minecraft.server.MinecraftServer/]: BR074L joined the game
[23Nov2024 00:33:05.011] [Server thread/INFO] [net.minecraft.server.network.ServerGamePacketListenerImpl/]: BR074L lost connection: Disconnected
[23Nov2024 00:33:05.011] [Server thread/INFO] [net.minecraft.server.MinecraftServer/]: BR074L left the game
[23Nov2024 00:33:13.224] [Server thread/INFO] [net.minecraft.server.players.PlayerList/]: BR074L[/127.98.144.130:41391] logged in with entity id 19940 at (-13.386483276988223, -96.08967160076263, -116.14535116299116)
[23Nov2024 00:33:13.237] [Server thread/INFO] [net.minecraft.server.MinecraftServer/]: BR074L joined the game
[23Nov2024 00:33:13.953] [Server thread/WARN] [net.minecraft.server.network.ServerGamePacketListenerImpl/]: BR074L moved too quickly! 0.0,-19.16346076708757,0.0
[23Nov2024 00:33:14.261] [Server thread/INFO] [net.minecraft.server.MinecraftServer/]: BR074L fell out of the world
[23Nov2024 00:33:33.467] [Server thread/INFO] [net.minecraft.server.network.ServerGamePacketListenerImpl/]: BR074L lost connection: Disconnected
[23Nov2024 00:33:33.467] [Server thread/INFO] [net.minecraft.server.MinecraftServer/]: BR074L left the game
